::1 - - [28/Jul/2023:15:06:51 +0000] "POST /api/v1/auth/register HTTP/1.1" 422 49 "-" "PostmanRuntime/7.32.3"
::1 - - [28/Jul/2023:15:09:20 +0000] "POST /api/v1/auth/register HTTP/1.1" 422 49 "-" "PostmanRuntime/7.32.3"
::1 - - [28/Jul/2023:15:10:53 +0000] "POST /api/v1/auth/register HTTP/1.1" 422 49 "-" "PostmanRuntime/7.32.3"
::1 - - [28/Jul/2023:15:10:58 +0000] "POST /api/v1/auth/register HTTP/1.1" 422 49 "-" "PostmanRuntime/7.32.3"
::1 - - [28/Jul/2023:15:12:08 +0000] "POST /api/v1/auth/register HTTP/1.1" 422 49 "-" "PostmanRuntime/7.32.3"
::1 - - [28/Jul/2023:15:14:37 +0000] "POST /api/v1/auth/register HTTP/1.1" 422 49 "-" "PostmanRuntime/7.32.3"
::1 - - [28/Jul/2023:15:15:12 +0000] "POST /api/v1/auth/register HTTP/1.1" 422 49 "-" "PostmanRuntime/7.32.3"
::1 - - [28/Jul/2023:15:15:47 +0000] "POST /api/v1/auth/register HTTP/1.1" 422 49 "-" "PostmanRuntime/7.32.3"
::1 - - [28/Jul/2023:15:17:32 +0000] "POST /api/v1/auth/register HTTP/1.1" 422 49 "-" "PostmanRuntime/7.32.3"
::1 - - [28/Jul/2023:15:18:38 +0000] "POST /api/v1/auth/register HTTP/1.1" 422 49 "-" "PostmanRuntime/7.32.3"
::1 - - [28/Jul/2023:15:18:40 +0000] "POST /api/v1/auth/register HTTP/1.1" 422 49 "-" "PostmanRuntime/7.32.3"
::1 - - [28/Jul/2023:15:18:42 +0000] "POST /api/v1/auth/register HTTP/1.1" 422 49 "-" "PostmanRuntime/7.32.3"
::1 - - [28/Jul/2023:15:18:43 +0000] "POST /api/v1/auth/register HTTP/1.1" 422 49 "-" "PostmanRuntime/7.32.3"
::1 - - [28/Jul/2023:16:09:07 +0000] "POST /api/v1/auth/register HTTP/1.1" 422 49 "-" "PostmanRuntime/7.32.3"
::1 - - [28/Jul/2023:16:12:44 +0000] "POST /api/v1/auth HTTP/1.1" 404 577 "-" "PostmanRuntime/7.32.3"
::1 - - [28/Jul/2023:16:13:24 +0000] "POST /api/v1/auth/register HTTP/1.1" 422 49 "-" "PostmanRuntime/7.32.3"
::1 - - [28/Jul/2023:16:22:02 +0000] "POST /api/v1/auth/register HTTP/1.1" 422 49 "-" "PostmanRuntime/7.32.3"
::1 - - [28/Jul/2023:16:23:42 +0000] "POST /api/v1/auth/register HTTP/1.1" 422 49 "-" "PostmanRuntime/7.32.3"
::1 - - [28/Jul/2023:16:24:10 +0000] "POST /api/v1/auth/register HTTP/1.1" 422 49 "-" "PostmanRuntime/7.32.3"
::1 - - [28/Jul/2023:16:24:13 +0000] "POST /api/v1/auth/register HTTP/1.1" 422 49 "-" "PostmanRuntime/7.32.3"
::1 - - [28/Jul/2023:16:37:05 +0000] "POST /api/v1/auth/register HTTP/1.1" 201 57 "-" "PostmanRuntime/7.32.3"
::1 - - [28/Jul/2023:16:37:31 +0000] "POST /api/v1/auth/register HTTP/1.1" 400 49 "-" "PostmanRuntime/7.32.3"
::1 - - [28/Jul/2023:16:39:06 +0000] "POST /api/v1/auth/login HTTP/1.1" 401 42 "-" "PostmanRuntime/7.32.3"
::1 - - [28/Jul/2023:16:47:46 +0000] "POST /api/v1/auth/login HTTP/1.1" 401 42 "-" "PostmanRuntime/7.32.3"
::1 - - [28/Jul/2023:16:56:58 +0000] "POST /api/v1/auth/login HTTP/1.1" 401 42 "-" "PostmanRuntime/7.32.3"
::1 - - [28/Jul/2023:16:58:15 +0000] "POST /api/v1/auth/login HTTP/1.1" 401 42 "-" "PostmanRuntime/7.32.3"
::1 - - [28/Jul/2023:18:12:28 +0000] "POST /api/v1/auth/register HTTP/1.1" 201 57 "-" "PostmanRuntime/7.32.3"
::1 - - [28/Jul/2023:18:15:40 +0000] "POST /api/v1/auth/login HTTP/1.1" 200 561 "-" "PostmanRuntime/7.32.3"
::1 - - [28/Jul/2023:18:25:38 +0000] "POST /api/v1/auth/register HTTP/1.1" 400 53 "-" "PostmanRuntime/7.32.3"
::1 - - [28/Jul/2023:18:26:05 +0000] "POST /api/v1/auth/register HTTP/1.1" 422 49 "-" "PostmanRuntime/7.32.3"
::1 - - [28/Jul/2023:18:28:54 +0000] "POST /api/v1/auth/register HTTP/1.1" 200 45 "-" "PostmanRuntime/7.32.3"
::1 - - [28/Jul/2023:18:32:46 +0000] "POST /api/v1/auth/register HTTP/1.1" 422 49 "-" "PostmanRuntime/7.32.3"
::1 - - [28/Jul/2023:18:34:47 +0000] "POST /api/v1/auth/register HTTP/1.1" 422 49 "-" "PostmanRuntime/7.32.3"
::1 - - [28/Jul/2023:18:43:15 +0000] "POST /api/v1/auth/register HTTP/1.1" 422 77 "-" "PostmanRuntime/7.32.3"
::1 - - [28/Jul/2023:18:46:26 +0000] "POST /api/v1/auth/register HTTP/1.1" 422 107 "-" "PostmanRuntime/7.32.3"
::1 - - [28/Jul/2023:18:48:19 +0000] "POST /api/v1/auth/register HTTP/1.1" 422 154 "-" "PostmanRuntime/7.32.3"
::1 - - [28/Jul/2023:18:49:32 +0000] "POST /api/v1/auth/register HTTP/1.1" 422 76 "-" "PostmanRuntime/7.32.3"
::1 - - [28/Jul/2023:18:57:50 +0000] "POST /api/v1/auth/register HTTP/1.1" 422 107 "-" "PostmanRuntime/7.32.3"
::1 - - [28/Jul/2023:18:58:22 +0000] "POST /api/v1/auth/register HTTP/1.1" 422 185 "-" "PostmanRuntime/7.32.3"
::1 - - [28/Jul/2023:19:02:03 +0000] "POST /api/v1/auth/register HTTP/1.1" 422 185 "-" "PostmanRuntime/7.32.3"
::1 - - [28/Jul/2023:19:12:37 +0000] "POST /api/v1/auth/login HTTP/1.1" 422 107 "-" "PostmanRuntime/7.32.3"
::1 - - [28/Jul/2023:19:12:47 +0000] "POST /api/v1/auth/login HTTP/1.1" 422 185 "-" "PostmanRuntime/7.32.3"
::1 - - [28/Jul/2023:19:15:13 +0000] "POST /api/v1/auth/login HTTP/1.1" 401 42 "-" "PostmanRuntime/7.32.3"
::1 - - [28/Jul/2023:19:15:37 +0000] "POST /api/v1/auth/login HTTP/1.1" 200 561 "-" "PostmanRuntime/7.32.3"
::1 - - [28/Jul/2023:19:25:22 +0000] "GET /api/v1/home/dashboard HTTP/1.1" 401 26 "-" "PostmanRuntime/7.32.3"
::1 - - [28/Jul/2023:19:27:42 +0000] "GET /api/v1/home/dashboard HTTP/1.1" 403 23 "-" "PostmanRuntime/7.32.3"
::1 - - [28/Jul/2023:19:28:07 +0000] "GET /api/v1/home/dashboard HTTP/1.1" 403 23 "-" "PostmanRuntime/7.32.3"
::1 - - [28/Jul/2023:19:28:30 +0000] "POST /api/v1/auth/login HTTP/1.1" 200 561 "-" "PostmanRuntime/7.32.3"
::1 - - [28/Jul/2023:19:30:57 +0000] "GET /api/v1/home/dashboard HTTP/1.1" 200 49 "-" "PostmanRuntime/7.32.3"
::1 - - [28/Jul/2023:19:35:02 +0000] "GET /api/v1/home/dashboard HTTP/1.1" 200 49 "-" "PostmanRuntime/7.32.3"
::1 - - [28/Jul/2023:19:41:15 +0000] "GET /api/v1/dashboard HTTP/1.1" 200 49 "-" "PostmanRuntime/7.32.3"
::1 - - [28/Jul/2023:19:41:20 +0000] "GET /api/v1/dashboard HTTP/1.1" 200 49 "-" "PostmanRuntime/7.32.3"
::1 - - [28/Jul/2023:19:41:25 +0000] "GET /api/v1/dashboard HTTP/1.1" 200 49 "-" "PostmanRuntime/7.32.3"
::1 - - [28/Jul/2023:19:43:40 +0000] "GET /dashboard HTTP/1.1" 403 23 "-" "PostmanRuntime/7.32.3"
::1 - - [28/Jul/2023:19:45:13 +0000] "POST /auth/register HTTP/1.1" 422 185 "-" "PostmanRuntime/7.32.3"
::1 - - [28/Jul/2023:19:46:04 +0000] "POST /auth/register HTTP/1.1" 201 57 "-" "PostmanRuntime/7.32.3"
::1 - - [28/Jul/2023:19:46:34 +0000] "POST /auth/login HTTP/1.1" 200 561 "-" "PostmanRuntime/7.32.3"
::1 - - [28/Jul/2023:19:47:11 +0000] "GET /dashboard HTTP/1.1" 200 49 "-" "PostmanRuntime/7.32.3"
::1 - - [29/Jul/2023:02:42:35 +0000] "GET /api/v1/home/dashboard HTTP/1.1" 403 23 "-" "PostmanRuntime/7.32.3"
::1 - - [29/Jul/2023:02:42:47 +0000] "POST /api/v1/auth/login HTTP/1.1" 200 561 "-" "PostmanRuntime/7.32.3"
::1 - - [29/Jul/2023:02:43:22 +0000] "GET /api/v1/home/dashboard HTTP/1.1" 200 49 "-" "PostmanRuntime/7.32.3"
::1 - - [29/Jul/2023:02:54:57 +0000] "GET /api/v1/auth HTTP/1.1" 404 577 "-" "Mozilla/5.0 (Windows NT 10.0; Win64; x64) AppleWebKit/537.36 (KHTML, like Gecko) Chrome/115.0.0.0 Safari/537.36"
::1 - - [29/Jul/2023:02:54:57 +0000] "GET /api/public/css/style.css HTTP/1.1" 404 577 "-" "Mozilla/5.0 (Windows NT 10.0; Win64; x64) AppleWebKit/537.36 (KHTML, like Gecko) Chrome/115.0.0.0 Safari/537.36"
::1 - - [29/Jul/2023:02:54:57 +0000] "GET /api/public/local.js HTTP/1.1" 404 577 "-" "Mozilla/5.0 (Windows NT 10.0; Win64; x64) AppleWebKit/537.36 (KHTML, like Gecko) Chrome/115.0.0.0 Safari/537.36"
::1 - - [29/Jul/2023:02:54:58 +0000] "GET /favicon.ico HTTP/1.1" 404 577 "-" "Mozilla/5.0 (Windows NT 10.0; Win64; x64) AppleWebKit/537.36 (KHTML, like Gecko) Chrome/115.0.0.0 Safari/537.36"
::1 - - [29/Jul/2023:02:55:00 +0000] "GET / HTTP/1.1" 404 577 "-" "Mozilla/5.0 (Windows NT 10.0; Win64; x64) AppleWebKit/537.36 (KHTML, like Gecko) Chrome/115.0.0.0 Safari/537.36"
::1 - - [29/Jul/2023:02:55:00 +0000] "GET /public/css/style.css HTTP/1.1" 404 577 "-" "Mozilla/5.0 (Windows NT 10.0; Win64; x64) AppleWebKit/537.36 (KHTML, like Gecko) Chrome/115.0.0.0 Safari/537.36"
::1 - - [29/Jul/2023:02:55:00 +0000] "GET /public/local.js HTTP/1.1" 404 577 "-" "Mozilla/5.0 (Windows NT 10.0; Win64; x64) AppleWebKit/537.36 (KHTML, like Gecko) Chrome/115.0.0.0 Safari/537.36"
::1 - - [29/Jul/2023:02:55:00 +0000] "GET /public/css/style.css HTTP/1.1" 404 577 "-" "Mozilla/5.0 (Windows NT 10.0; Win64; x64) AppleWebKit/537.36 (KHTML, like Gecko) Chrome/115.0.0.0 Safari/537.36"
::1 - - [29/Jul/2023:02:55:02 +0000] "GET / HTTP/1.1" 404 577 "-" "Mozilla/5.0 (Windows NT 10.0; Win64; x64) AppleWebKit/537.36 (KHTML, like Gecko) Chrome/115.0.0.0 Safari/537.36"
::1 - - [29/Jul/2023:02:55:02 +0000] "GET /public/css/style.css HTTP/1.1" 404 577 "-" "Mozilla/5.0 (Windows NT 10.0; Win64; x64) AppleWebKit/537.36 (KHTML, like Gecko) Chrome/115.0.0.0 Safari/537.36"
::1 - - [29/Jul/2023:02:55:02 +0000] "GET /public/local.js HTTP/1.1" 404 577 "-" "Mozilla/5.0 (Windows NT 10.0; Win64; x64) AppleWebKit/537.36 (KHTML, like Gecko) Chrome/115.0.0.0 Safari/537.36"
::1 - - [29/Jul/2023:02:55:02 +0000] "GET /public/css/style.css HTTP/1.1" 404 577 "-" "Mozilla/5.0 (Windows NT 10.0; Win64; x64) AppleWebKit/537.36 (KHTML, like Gecko) Chrome/115.0.0.0 Safari/537.36"
::1 - - [29/Jul/2023:02:55:44 +0000] "GET /api/v1/home/dashboard HTTP/1.1" 401 26 "-" "Mozilla/5.0 (Windows NT 10.0; Win64; x64) AppleWebKit/537.36 (KHTML, like Gecko) Chrome/115.0.0.0 Safari/537.36"
